The system is: Linux - 3.10.0-1160.114.2.el7.x86_64 - x86_64
Compiling the C compiler identification source file "CMakeCCompilerId.c" succeeded.
Compiler: /usr/bin/cc 
Build flags: 
Id flags:  

The output was:
0


Compilation of the C compiler identification source "CMakeCCompilerId.c" produced "a.out"

The C compiler identification is GNU, found in "/home/leptjson/leptjson01/build/CMakeFiles/3.23.0/CompilerIdC/a.out"

Detecting C compiler ABI info compiled with the following output:
Change Dir: /home/leptjson/leptjson01/build/CMakeFiles/CMakeTmp

Run Build Command(s):/usr/bin/gmake -f Makefile cmTC_9f9ee/fast && /usr/bin/gmake  -f CMakeFiles/cmTC_9f9ee.dir/build.make CMakeFiles/cmTC_9f9ee.dir/build
gmake[1]: Entering directory `/home/leptjson/leptjson01/build/CMakeFiles/CMakeTmp'
Building C object CMakeFiles/cmTC_9f9ee.dir/CMakeCCompilerABI.c.o
/usr/bin/cc   -v -o CMakeFiles/cmTC_9f9ee.dir/CMakeCCompilerABI.c.o -c /usr/local/cmake-3.23.0/share/cmake-3.23/Modules/CMakeCCompilerABI.c
Using built-in specs.
COLLECT_GCC=/usr/bin/cc
Target: x86_64-pc-linux-gnu
Configured with: ./configure --prefix=/usr/local/gcc-6.3.0 --enable-threads=posix --disable-checking --disable-multilib --enable-languages=c,c++ --disable-libsanitizer
Thread model: posix
gcc version 6.3.0 (GCC) 
COLLECT_GCC_OPTIONS='-v' '-o' 'CMakeFiles/cmTC_9f9ee.dir/CMakeCCompilerABI.c.o' '-c' '-mtune=generic' '-march=x86-64'
 /usr/local/gcc-6.3.0/libexec/gcc/x86_64-pc-linux-gnu/6.3.0/cc1 -quiet -v /usr/local/cmake-3.23.0/share/cmake-3.23/Modules/CMakeCCompilerABI.c -quiet -dumpbase CMakeCCompilerABI.c -mtune=generic -march=x86-64 -auxbase-strip CMakeFiles/cmTC_9f9ee.dir/CMakeCCompilerABI.c.o -version -o /tmp/ccQPPR3M.s
GNU C11 (GCC) version 6.3.0 (x86_64-pc-linux-gnu)
	compiled by GNU C version 6.3.0, GMP version 4.3.2, MPFR version 2.4.2, MPC version 0.8.1, isl version 0.15
GGC heuristics: --param ggc-min-expand=96 --param ggc-min-heapsize=124432
ignoring nonexistent directory "/usr/local/gcc-6.3.0/lib/gcc/x86_64-pc-linux-gnu/6.3.0/../../../../x86_64-pc-linux-gnu/include"
#include "..." search starts here:
#include <...> search starts here:
 /usr/local/gcc-6.3.0/lib/gcc/x86_64-pc-linux-gnu/6.3.0/include
 /usr/local/include
 /usr/local/gcc-6.3.0/include
 /usr/local/gcc-6.3.0/lib/gcc/x86_64-pc-linux-gnu/6.3.0/include-fixed
 /usr/include
End of search list.
GNU C11 (GCC) version 6.3.0 (x86_64-pc-linux-gnu)
	compiled by GNU C version 6.3.0, GMP version 4.3.2, MPFR version 2.4.2, MPC version 0.8.1, isl version 0.15
GGC heuristics: --param ggc-min-expand=96 --param ggc-min-heapsize=124432
Compiler executable checksum: e0c13f921337155a761c84b522d5151a
COLLECT_GCC_OPTIONS='-v' '-o' 'CMakeFiles/cmTC_9f9ee.dir/CMakeCCompilerABI.c.o' '-c' '-mtune=generic' '-march=x86-64'
 as -v --64 -o CMakeFiles/cmTC_9f9ee.dir/CMakeCCompilerABI.c.o /tmp/ccQPPR3M.s
GNU assembler version 2.27 (x86_64-redhat-linux) using BFD version version 2.27-44.base.el7_9.1
COMPILER_PATH=/usr/local/gcc-6.3.0/libexec/gcc/x86_64-pc-linux-gnu/6.3.0/:/usr/local/gcc-6.3.0/libexec/gcc/x86_64-pc-linux-gnu/6.3.0/:/usr/local/gcc-6.3.0/libexec/gcc/x86_64-pc-linux-gnu/:/usr/local/gcc-6.3.0/lib/gcc/x86_64-pc-linux-gnu/6.3.0/:/usr/local/gcc-6.3.0/lib/gcc/x86_64-pc-linux-gnu/
LIBRARY_PATH=/usr/local/gcc-6.3.0/lib/gcc/x86_64-pc-linux-gnu/6.3.0/:/usr/local/gcc-6.3.0/lib/gcc/x86_64-pc-linux-gnu/6.3.0/../../../../lib64/:/lib/../lib64/:/usr/lib/../lib64/:/usr/local/gcc-6.3.0/lib/gcc/x86_64-pc-linux-gnu/6.3.0/../../../:/lib/:/usr/lib/
COLLECT_GCC_OPTIONS='-v' '-o' 'CMakeFiles/cmTC_9f9ee.dir/CMakeCCompilerABI.c.o' '-c' '-mtune=generic' '-march=x86-64'
Linking C executable cmTC_9f9ee
/usr/local/cmake-3.23.0/bin/cmake -E cmake_link_script CMakeFiles/cmTC_9f9ee.dir/link.txt --verbose=1
/usr/bin/cc  -v -rdynamic CMakeFiles/cmTC_9f9ee.dir/CMakeCCompilerABI.c.o -o cmTC_9f9ee 
Using built-in specs.
COLLECT_GCC=/usr/bin/cc
COLLECT_LTO_WRAPPER=/usr/local/gcc-6.3.0/libexec/gcc/x86_64-pc-linux-gnu/6.3.0/lto-wrapper
Target: x86_64-pc-linux-gnu
Configured with: ./configure --prefix=/usr/local/gcc-6.3.0 --enable-threads=posix --disable-checking --disable-multilib --enable-languages=c,c++ --disable-libsanitizer
Thread model: posix
gcc version 6.3.0 (GCC) 
COMPILER_PATH=/usr/local/gcc-6.3.0/libexec/gcc/x86_64-pc-linux-gnu/6.3.0/:/usr/local/gcc-6.3.0/libexec/gcc/x86_64-pc-linux-gnu/6.3.0/:/usr/local/gcc-6.3.0/libexec/gcc/x86_64-pc-linux-gnu/:/usr/local/gcc-6.3.0/lib/gcc/x86_64-pc-linux-gnu/6.3.0/:/usr/local/gcc-6.3.0/lib/gcc/x86_64-pc-linux-gnu/
LIBRARY_PATH=/usr/local/gcc-6.3.0/lib/gcc/x86_64-pc-linux-gnu/6.3.0/:/usr/local/gcc-6.3.0/lib/gcc/x86_64-pc-linux-gnu/6.3.0/../../../../lib64/:/lib/../lib64/:/usr/lib/../lib64/:/usr/local/gcc-6.3.0/lib/gcc/x86_64-pc-linux-gnu/6.3.0/../../../:/lib/:/usr/lib/
COLLECT_GCC_OPTIONS='-v' '-rdynamic' '-o' 'cmTC_9f9ee' '-mtune=generic' '-march=x86-64'
 /usr/local/gcc-6.3.0/libexec/gcc/x86_64-pc-linux-gnu/6.3.0/collect2 -plugin /usr/local/gcc-6.3.0/libexec/gcc/x86_64-pc-linux-gnu/6.3.0/liblto_plugin.so -plugin-opt=/usr/local/gcc-6.3.0/libexec/gcc/x86_64-pc-linux-gnu/6.3.0/lto-wrapper -plugin-opt=-fresolution=/tmp/cc2ERpN1.res -plugin-opt=-pass-through=-lgcc -plugin-opt=-pass-through=-lgcc_s -plugin-opt=-pass-through=-lc -plugin-opt=-pass-through=-lgcc -plugin-opt=-pass-through=-lgcc_s --eh-frame-hdr -m elf_x86_64 -export-dynamic -dynamic-linker /lib64/ld-linux-x86-64.so.2 -o cmTC_9f9ee /lib/../lib64/crt1.o /lib/../lib64/crti.o /usr/local/gcc-6.3.0/lib/gcc/x86_64-pc-linux-gnu/6.3.0/crtbegin.o -L/usr/local/gcc-6.3.0/lib/gcc/x86_64-pc-linux-gnu/6.3.0 -L/usr/local/gcc-6.3.0/lib/gcc/x86_64-pc-linux-gnu/6.3.0/../../../../lib64 -L/lib/../lib64 -L/usr/lib/../lib64 -L/usr/local/gcc-6.3.0/lib/gcc/x86_64-pc-linux-gnu/6.3.0/../../.. CMakeFiles/cmTC_9f9ee.dir/CMakeCCompilerABI.c.o -lgcc --as-needed -lgcc_s --no-as-needed -lc -lgcc --as-needed -lgcc_s --no-as-needed /usr/local/gcc-6.3.0/lib/gcc/x86_64-pc-linux-gnu/6.3.0/crtend.o /lib/../lib64/crtn.o
COLLECT_GCC_OPTIONS='-v' '-rdynamic' '-o' 'cmTC_9f9ee' '-mtune=generic' '-march=x86-64'
gmake[1]: Leaving directory `/home/leptjson/leptjson01/build/CMakeFiles/CMakeTmp'



Parsed C implicit include dir info from above output: rv=done
  found start of include info
  found start of implicit include info
    add: [/usr/local/gcc-6.3.0/lib/gcc/x86_64-pc-linux-gnu/6.3.0/include]
    add: [/usr/local/include]
    add: [/usr/local/gcc-6.3.0/include]
    add: [/usr/local/gcc-6.3.0/lib/gcc/x86_64-pc-linux-gnu/6.3.0/include-fixed]
    add: [/usr/include]
  end of search list found
  collapse include dir [/usr/local/gcc-6.3.0/lib/gcc/x86_64-pc-linux-gnu/6.3.0/include] ==> [/usr/local/gcc-6.3.0/lib/gcc/x86_64-pc-linux-gnu/6.3.0/include]
  collapse include dir [/usr/local/include] ==> [/usr/local/include]
  collapse include dir [/usr/local/gcc-6.3.0/include] ==> [/usr/local/gcc-6.3.0/include]
  collapse include dir [/usr/local/gcc-6.3.0/lib/gcc/x86_64-pc-linux-gnu/6.3.0/include-fixed] ==> [/usr/local/gcc-6.3.0/lib/gcc/x86_64-pc-linux-gnu/6.3.0/include-fixed]
  collapse include dir [/usr/include] ==> [/usr/include]
  implicit include dirs: [/usr/local/gcc-6.3.0/lib/gcc/x86_64-pc-linux-gnu/6.3.0/include;/usr/local/include;/usr/local/gcc-6.3.0/include;/usr/local/gcc-6.3.0/lib/gcc/x86_64-pc-linux-gnu/6.3.0/include-fixed;/usr/include]


Parsed C implicit link information from above output:
  link line regex: [^( *|.*[/\])(ld|CMAKE_LINK_STARTFILE-NOTFOUND|([^/\]+-)?ld|collect2)[^/\]*( |$)]
  ignore line: [Change Dir: /home/leptjson/leptjson01/build/CMakeFiles/CMakeTmp]
  ignore line: []
  ignore line: [Run Build Command(s):/usr/bin/gmake -f Makefile cmTC_9f9ee/fast && /usr/bin/gmake  -f CMakeFiles/cmTC_9f9ee.dir/build.make CMakeFiles/cmTC_9f9ee.dir/build]
  ignore line: [gmake[1]: Entering directory `/home/leptjson/leptjson01/build/CMakeFiles/CMakeTmp']
  ignore line: [Building C object CMakeFiles/cmTC_9f9ee.dir/CMakeCCompilerABI.c.o]
  ignore line: [/usr/bin/cc   -v -o CMakeFiles/cmTC_9f9ee.dir/CMakeCCompilerABI.c.o -c /usr/local/cmake-3.23.0/share/cmake-3.23/Modules/CMakeCCompilerABI.c]
  ignore line: [Using built-in specs.]
  ignore line: [COLLECT_GCC=/usr/bin/cc]
  ignore line: [Target: x86_64-pc-linux-gnu]
  ignore line: [Configured with: ./configure --prefix=/usr/local/gcc-6.3.0 --enable-threads=posix --disable-checking --disable-multilib --enable-languages=c c++ --disable-libsanitizer]
  ignore line: [Thread model: posix]
  ignore line: [gcc version 6.3.0 (GCC) ]
  ignore line: [COLLECT_GCC_OPTIONS='-v' '-o' 'CMakeFiles/cmTC_9f9ee.dir/CMakeCCompilerABI.c.o' '-c' '-mtune=generic' '-march=x86-64']
  ignore line: [ /usr/local/gcc-6.3.0/libexec/gcc/x86_64-pc-linux-gnu/6.3.0/cc1 -quiet -v /usr/local/cmake-3.23.0/share/cmake-3.23/Modules/CMakeCCompilerABI.c -quiet -dumpbase CMakeCCompilerABI.c -mtune=generic -march=x86-64 -auxbase-strip CMakeFiles/cmTC_9f9ee.dir/CMakeCCompilerABI.c.o -version -o /tmp/ccQPPR3M.s]
  ignore line: [GNU C11 (GCC) version 6.3.0 (x86_64-pc-linux-gnu)]
  ignore line: [	compiled by GNU C version 6.3.0  GMP version 4.3.2  MPFR version 2.4.2  MPC version 0.8.1  isl version 0.15]
  ignore line: [GGC heuristics: --param ggc-min-expand=96 --param ggc-min-heapsize=124432]
  ignore line: [ignoring nonexistent directory "/usr/local/gcc-6.3.0/lib/gcc/x86_64-pc-linux-gnu/6.3.0/../../../../x86_64-pc-linux-gnu/include"]
  ignore line: [#include "..." search starts here:]
  ignore line: [#include <...> search starts here:]
  ignore line: [ /usr/local/gcc-6.3.0/lib/gcc/x86_64-pc-linux-gnu/6.3.0/include]
  ignore line: [ /usr/local/include]
  ignore line: [ /usr/local/gcc-6.3.0/include]
  ignore line: [ /usr/local/gcc-6.3.0/lib/gcc/x86_64-pc-linux-gnu/6.3.0/include-fixed]
  ignore line: [ /usr/include]
  ignore line: [End of search list.]
  ignore line: [GNU C11 (GCC) version 6.3.0 (x86_64-pc-linux-gnu)]
  ignore line: [	compiled by GNU C version 6.3.0  GMP version 4.3.2  MPFR version 2.4.2  MPC version 0.8.1  isl version 0.15]
  ignore line: [GGC heuristics: --param ggc-min-expand=96 --param ggc-min-heapsize=124432]
  ignore line: [Compiler executable checksum: e0c13f921337155a761c84b522d5151a]
  ignore line: [COLLECT_GCC_OPTIONS='-v' '-o' 'CMakeFiles/cmTC_9f9ee.dir/CMakeCCompilerABI.c.o' '-c' '-mtune=generic' '-march=x86-64']
  ignore line: [ as -v --64 -o CMakeFiles/cmTC_9f9ee.dir/CMakeCCompilerABI.c.o /tmp/ccQPPR3M.s]
  ignore line: [GNU assembler version 2.27 (x86_64-redhat-linux) using BFD version version 2.27-44.base.el7_9.1]
  ignore line: [COMPILER_PATH=/usr/local/gcc-6.3.0/libexec/gcc/x86_64-pc-linux-gnu/6.3.0/:/usr/local/gcc-6.3.0/libexec/gcc/x86_64-pc-linux-gnu/6.3.0/:/usr/local/gcc-6.3.0/libexec/gcc/x86_64-pc-linux-gnu/:/usr/local/gcc-6.3.0/lib/gcc/x86_64-pc-linux-gnu/6.3.0/:/usr/local/gcc-6.3.0/lib/gcc/x86_64-pc-linux-gnu/]
  ignore line: [LIBRARY_PATH=/usr/local/gcc-6.3.0/lib/gcc/x86_64-pc-linux-gnu/6.3.0/:/usr/local/gcc-6.3.0/lib/gcc/x86_64-pc-linux-gnu/6.3.0/../../../../lib64/:/lib/../lib64/:/usr/lib/../lib64/:/usr/local/gcc-6.3.0/lib/gcc/x86_64-pc-linux-gnu/6.3.0/../../../:/lib/:/usr/lib/]
  ignore line: [COLLECT_GCC_OPTIONS='-v' '-o' 'CMakeFiles/cmTC_9f9ee.dir/CMakeCCompilerABI.c.o' '-c' '-mtune=generic' '-march=x86-64']
  ignore line: [Linking C executable cmTC_9f9ee]
  ignore line: [/usr/local/cmake-3.23.0/bin/cmake -E cmake_link_script CMakeFiles/cmTC_9f9ee.dir/link.txt --verbose=1]
  ignore line: [/usr/bin/cc  -v -rdynamic CMakeFiles/cmTC_9f9ee.dir/CMakeCCompilerABI.c.o -o cmTC_9f9ee ]
  ignore line: [Using built-in specs.]
  ignore line: [COLLECT_GCC=/usr/bin/cc]
  ignore line: [COLLECT_LTO_WRAPPER=/usr/local/gcc-6.3.0/libexec/gcc/x86_64-pc-linux-gnu/6.3.0/lto-wrapper]
  ignore line: [Target: x86_64-pc-linux-gnu]
  ignore line: [Configured with: ./configure --prefix=/usr/local/gcc-6.3.0 --enable-threads=posix --disable-checking --disable-multilib --enable-languages=c c++ --disable-libsanitizer]
  ignore line: [Thread model: posix]
  ignore line: [gcc version 6.3.0 (GCC) ]
  ignore line: [COMPILER_PATH=/usr/local/gcc-6.3.0/libexec/gcc/x86_64-pc-linux-gnu/6.3.0/:/usr/local/gcc-6.3.0/libexec/gcc/x86_64-pc-linux-gnu/6.3.0/:/usr/local/gcc-6.3.0/libexec/gcc/x86_64-pc-linux-gnu/:/usr/local/gcc-6.3.0/lib/gcc/x86_64-pc-linux-gnu/6.3.0/:/usr/local/gcc-6.3.0/lib/gcc/x86_64-pc-linux-gnu/]
  ignore line: [LIBRARY_PATH=/usr/local/gcc-6.3.0/lib/gcc/x86_64-pc-linux-gnu/6.3.0/:/usr/local/gcc-6.3.0/lib/gcc/x86_64-pc-linux-gnu/6.3.0/../../../../lib64/:/lib/../lib64/:/usr/lib/../lib64/:/usr/local/gcc-6.3.0/lib/gcc/x86_64-pc-linux-gnu/6.3.0/../../../:/lib/:/usr/lib/]
  ignore line: [COLLECT_GCC_OPTIONS='-v' '-rdynamic' '-o' 'cmTC_9f9ee' '-mtune=generic' '-march=x86-64']
  link line: [ /usr/local/gcc-6.3.0/libexec/gcc/x86_64-pc-linux-gnu/6.3.0/collect2 -plugin /usr/local/gcc-6.3.0/libexec/gcc/x86_64-pc-linux-gnu/6.3.0/liblto_plugin.so -plugin-opt=/usr/local/gcc-6.3.0/libexec/gcc/x86_64-pc-linux-gnu/6.3.0/lto-wrapper -plugin-opt=-fresolution=/tmp/cc2ERpN1.res -plugin-opt=-pass-through=-lgcc -plugin-opt=-pass-through=-lgcc_s -plugin-opt=-pass-through=-lc -plugin-opt=-pass-through=-lgcc -plugin-opt=-pass-through=-lgcc_s --eh-frame-hdr -m elf_x86_64 -export-dynamic -dynamic-linker /lib64/ld-linux-x86-64.so.2 -o cmTC_9f9ee /lib/../lib64/crt1.o /lib/../lib64/crti.o /usr/local/gcc-6.3.0/lib/gcc/x86_64-pc-linux-gnu/6.3.0/crtbegin.o -L/usr/local/gcc-6.3.0/lib/gcc/x86_64-pc-linux-gnu/6.3.0 -L/usr/local/gcc-6.3.0/lib/gcc/x86_64-pc-linux-gnu/6.3.0/../../../../lib64 -L/lib/../lib64 -L/usr/lib/../lib64 -L/usr/local/gcc-6.3.0/lib/gcc/x86_64-pc-linux-gnu/6.3.0/../../.. CMakeFiles/cmTC_9f9ee.dir/CMakeCCompilerABI.c.o -lgcc --as-needed -lgcc_s --no-as-needed -lc -lgcc --as-needed -lgcc_s --no-as-needed /usr/local/gcc-6.3.0/lib/gcc/x86_64-pc-linux-gnu/6.3.0/crtend.o /lib/../lib64/crtn.o]
    arg [/usr/local/gcc-6.3.0/libexec/gcc/x86_64-pc-linux-gnu/6.3.0/collect2] ==> ignore
    arg [-plugin] ==> ignore
    arg [/usr/local/gcc-6.3.0/libexec/gcc/x86_64-pc-linux-gnu/6.3.0/liblto_plugin.so] ==> ignore
    arg [-plugin-opt=/usr/local/gcc-6.3.0/libexec/gcc/x86_64-pc-linux-gnu/6.3.0/lto-wrapper] ==> ignore
    arg [-plugin-opt=-fresolution=/tmp/cc2ERpN1.res] ==> ignore
    arg [-plugin-opt=-pass-through=-lgcc] ==> ignore
    arg [-plugin-opt=-pass-through=-lgcc_s] ==> ignore
    arg [-plugin-opt=-pass-through=-lc] ==> ignore
    arg [-plugin-opt=-pass-through=-lgcc] ==> ignore
    arg [-plugin-opt=-pass-through=-lgcc_s] ==> ignore
    arg [--eh-frame-hdr] ==> ignore
    arg [-m] ==> ignore
    arg [elf_x86_64] ==> ignore
    arg [-export-dynamic] ==> ignore
    arg [-dynamic-linker] ==> ignore
    arg [/lib64/ld-linux-x86-64.so.2] ==> ignore
    arg [-o] ==> ignore
    arg [cmTC_9f9ee] ==> ignore
    arg [/lib/../lib64/crt1.o] ==> obj [/lib/../lib64/crt1.o]
    arg [/lib/../lib64/crti.o] ==> obj [/lib/../lib64/crti.o]
    arg [/usr/local/gcc-6.3.0/lib/gcc/x86_64-pc-linux-gnu/6.3.0/crtbegin.o] ==> obj [/usr/local/gcc-6.3.0/lib/gcc/x86_64-pc-linux-gnu/6.3.0/crtbegin.o]
    arg [-L/usr/local/gcc-6.3.0/lib/gcc/x86_64-pc-linux-gnu/6.3.0] ==> dir [/usr/local/gcc-6.3.0/lib/gcc/x86_64-pc-linux-gnu/6.3.0]
    arg [-L/usr/local/gcc-6.3.0/lib/gcc/x86_64-pc-linux-gnu/6.3.0/../../../../lib64] ==> dir [/usr/local/gcc-6.3.0/lib/gcc/x86_64-pc-linux-gnu/6.3.0/../../../../lib64]
    arg [-L/lib/../lib64] ==> dir [/lib/../lib64]
    arg [-L/usr/lib/../lib64] ==> dir [/usr/lib/../lib64]
    arg [-L/usr/local/gcc-6.3.0/lib/gcc/x86_64-pc-linux-gnu/6.3.0/../../..] ==> dir [/usr/local/gcc-6.3.0/lib/gcc/x86_64-pc-linux-gnu/6.3.0/../../..]
    arg [CMakeFiles/cmTC_9f9ee.dir/CMakeCCompilerABI.c.o] ==> ignore
    arg [-lgcc] ==> lib [gcc]
    arg [--as-needed] ==> ignore
    arg [-lgcc_s] ==> lib [gcc_s]
    arg [--no-as-needed] ==> ignore
    arg [-lc] ==> lib [c]
    arg [-lgcc] ==> lib [gcc]
    arg [--as-needed] ==> ignore
    arg [-lgcc_s] ==> lib [gcc_s]
    arg [--no-as-needed] ==> ignore
    arg [/usr/local/gcc-6.3.0/lib/gcc/x86_64-pc-linux-gnu/6.3.0/crtend.o] ==> obj [/usr/local/gcc-6.3.0/lib/gcc/x86_64-pc-linux-gnu/6.3.0/crtend.o]
    arg [/lib/../lib64/crtn.o] ==> obj [/lib/../lib64/crtn.o]
  collapse obj [/lib/../lib64/crt1.o] ==> [/lib64/crt1.o]
  collapse obj [/lib/../lib64/crti.o] ==> [/lib64/crti.o]
  collapse obj [/lib/../lib64/crtn.o] ==> [/lib64/crtn.o]
  collapse library dir [/usr/local/gcc-6.3.0/lib/gcc/x86_64-pc-linux-gnu/6.3.0] ==> [/usr/local/gcc-6.3.0/lib/gcc/x86_64-pc-linux-gnu/6.3.0]
  collapse library dir [/usr/local/gcc-6.3.0/lib/gcc/x86_64-pc-linux-gnu/6.3.0/../../../../lib64] ==> [/usr/local/gcc-6.3.0/lib64]
  collapse library dir [/lib/../lib64] ==> [/lib64]
  collapse library dir [/usr/lib/../lib64] ==> [/usr/lib64]
  collapse library dir [/usr/local/gcc-6.3.0/lib/gcc/x86_64-pc-linux-gnu/6.3.0/../../..] ==> [/usr/local/gcc-6.3.0/lib]
  implicit libs: [gcc;gcc_s;c;gcc;gcc_s]
  implicit objs: [/lib64/crt1.o;/lib64/crti.o;/usr/local/gcc-6.3.0/lib/gcc/x86_64-pc-linux-gnu/6.3.0/crtbegin.o;/usr/local/gcc-6.3.0/lib/gcc/x86_64-pc-linux-gnu/6.3.0/crtend.o;/lib64/crtn.o]
  implicit dirs: [/usr/local/gcc-6.3.0/lib/gcc/x86_64-pc-linux-gnu/6.3.0;/usr/local/gcc-6.3.0/lib64;/lib64;/usr/lib64;/usr/local/gcc-6.3.0/lib]
  implicit fwks: []


